// 重构日志: 782c7ec6
// 重构日志: ad0ecae8
// 重构日志: 74543b92
// 重构日志: d5ec2d79
// 同步 ID: 080a7a00 @ Sat Jul  4 08:17:52 UTC 2026
// 同步 ID: 0b1cc72c @ Sat Jul  4 16:38:23 UTC 2026
// 重构日志: 19d144b3
// 重构日志: 175c9582
// 重构日志: 5cc82386
// 同步 ID: 2d248bd7 @ Wed Jul  8 20:55:19 UTC 2026
// 重构日志: 3b278211
// 同步 ID: e1a7f844 @ Sat Jul 11 06:54:13 UTC 2026
// 重构日志: 99541fae
// 重构日志: 254c17ea
// 重构日志: acd35cd9
// 重构日志: 80e321e0
// 重构日志: 09dfb644
// 重构日志: 68d49974
// 重构日志: 8bd751b6
// 同步 ID: cde8827d @ Wed Jul 15 08:16:37 UTC 2026
// 重构日志: 3857dc4b
// 重构日志: 92a5b5f3
